<?xml version="1.0" encoding="UTF-8"?>
<Site BuildName="(empty)"
	BuildStamp="20240809-0047-Experimental"
	Name="mm-virtual-machine"
	Generator="ctest-3.22.1"
	CompilerName="/usr/bin/c++"
	CompilerVersion="11.4.0"
	OSName="Linux"
	Hostname="mm-virtual-machine"
	OSRelease="6.5.0-45-generic"
	OSVersion="#45~22.04.1-Ubuntu SMP PREEMPT_DYNAMIC Mon Jul 15 16:40:02 UTC 2"
	OSPlatform="x86_64"
	Is64Bits="1"
	VendorString="AuthenticAMD"
	VendorID="Advanced Micro Devices"
	FamilyID="23"
	ModelID="113"
	ProcessorCacheSize="512"
	NumberOfLogicalCPU="4"
	NumberOfPhysicalCPU="4"
	TotalVirtualMemory="2047"
	TotalPhysicalMemory="15948"
	LogicalProcessorsPerPhysical="1"
	ProcessorClockFrequency="3600"
	>
	<Testing>
		<StartDateTime>Aug 09 19:57 AEST</StartDateTime>
		<StartTestTime>1723197455</StartTestTime>
		<TestList/>
		<EndDateTime>Aug 09 19:57 AEST</EndDateTime>
		<EndTestTime>1723197455</EndTestTime>
		<ElapsedMinutes>0</ElapsedMinutes>
	</Testing>
</Site>
